<?xml version="1.0" encoding="UTF-8"?>
<robot generator="Robot 7.3.2 (Python 3.12.5 on win32)" generated="2025-11-11T10:50:40.022480" rpa="false" schemaversion="5">
<suite id="s1" name="Test Booker" source="c:\Iterasys\robotbooker140\__tests__\test_booker.robot">
<kw name="Create Token" owner="common" type="SETUP">
<kw name="Create Dictionary" owner="BuiltIn">
<msg time="2025-11-11T10:50:40.098301" level="INFO">${body} = {'username': 'admin', 'password': 'password123'}</msg>
<var>${body}</var>
<arg>username=admin</arg>
<arg>password=password123</arg>
<doc>Creates and returns a dictionary based on the given ``items``.</doc>
<status status="PASS" start="2025-11-11T10:50:40.098301" elapsed="0.001002"/>
</kw>
<kw name="POST" owner="RequestsLibrary">
<msg time="2025-11-11T10:50:41.293591" level="INFO">POST Request : url=https://restful-booker.herokuapp.com/auth 
 path_url=/auth 
 headers={'User-Agent': 'python-requests/2.32.5', 'Accept-Encoding': 'gzip, deflate', 'Accept': '*/*', 'Connection': 'keep-alive', 'Content-Length': '48', 'Content-Type': 'application/json'} 
 body=b'{"username": "admin", "password": "password123"}' 
 </msg>
<msg time="2025-11-11T10:50:41.293591" level="INFO">POST Response : url=https://restful-booker.herokuapp.com/auth 
 status=200, reason=OK 
 headers={'Content-Length': '27', 'Content-Type': 'application/json; charset=utf-8', 'Date': 'Tue, 11 Nov 2025 13:50:41 GMT', 'Etag': 'W/"1b-LPPrL2cCcCO974BtRvBTrrAih3g"', 'Nel': '{"report_to":"heroku-nel","response_headers":["Via"],"max_age":3600,"success_fraction":0.01,"failure_fraction":0.1}', 'Report-To': '{"group":"heroku-nel","endpoints":[{"url":"https://nel.heroku.com/reports?s=nUJIXofhsZyPyWRl9dXfFD0yu%2Bb0rSOdCrCJe9hf3RM%3D\\u0026sid=c46efe9b-d3d2-4a0c-8c76-bfafa16c5add\\u0026ts=1762869040"}],"max_age":3600}', 'Reporting-Endpoints': 'heroku-nel="https://nel.heroku.com/reports?s=nUJIXofhsZyPyWRl9dXfFD0yu%2Bb0rSOdCrCJe9hf3RM%3D&amp;sid=c46efe9b-d3d2-4a0c-8c76-bfafa16c5add&amp;ts=1762869040"', 'Server': 'Heroku', 'Via': '1.1 heroku-router', 'X-Powered-By': 'Express'} 
 body={"token":"42b2cc351ca5e2e"} 
 </msg>
<msg time="2025-11-11T10:50:41.293591" level="INFO">c:\Iterasys\robotbooker140\.venv\Lib\site-packages\urllib3\connectionpool.py:1097: InsecureRequestWarning: Unverified HTTPS request is being made to host 'restful-booker.herokuapp.com'. Adding certificate verification is strongly advised. See: https://urllib3.readthedocs.io/en/latest/advanced-usage.html#tls-warnings
  warnings.warn(</msg>
<msg time="2025-11-11T10:50:41.295592" level="INFO">${response} = &lt;Response [200]&gt;</msg>
<var>${response}</var>
<arg>url=${url}/auth</arg>
<arg>json=${body}</arg>
<arg>verify=${False}</arg>
<doc>Sends a POST request.</doc>
<status status="PASS" start="2025-11-11T10:50:40.100303" elapsed="1.195289"/>
</kw>
<kw name="Status Should Be" owner="RequestsLibrary">
<arg>200</arg>
<doc>Fails if response status code is different than the expected.</doc>
<status status="PASS" start="2025-11-11T10:50:41.296592" elapsed="0.000000"/>
</kw>
<kw name="Set Variable" owner="BuiltIn">
<msg time="2025-11-11T10:50:41.296592" level="INFO">${token} = 42b2cc351ca5e2e</msg>
<var>${token}</var>
<arg>${response.json()}[token]</arg>
<doc>Returns the given values which can then be assigned to a variables.</doc>
<status status="PASS" start="2025-11-11T10:50:41.296592" elapsed="0.000000"/>
</kw>
<kw name="Set Suite Variable" owner="BuiltIn">
<msg time="2025-11-11T10:50:41.297592" level="INFO">${token} = 42b2cc351ca5e2e</msg>
<arg>${token}</arg>
<doc>Makes a variable available everywhere within the scope of the current suite.</doc>
<status status="PASS" start="2025-11-11T10:50:41.297592" elapsed="0.000000"/>
</kw>
<kw name="Log To Console" owner="BuiltIn">
<arg>${token}</arg>
<doc>Logs the given message to the console.</doc>
<status status="PASS" start="2025-11-11T10:50:41.297592" elapsed="0.001000"/>
</kw>
<arg>${url}</arg>
<status status="PASS" start="2025-11-11T10:50:40.097302" elapsed="1.202290"/>
</kw>
<test id="s1-t1" name="Create Booking" line="15">
<kw name="Create Dictionary" owner="BuiltIn">
<msg time="2025-11-11T10:50:41.299592" level="INFO">${headers} = {'Content-Type': 'application/json'}</msg>
<var>${headers}</var>
<arg>Content-Type=${content_type}</arg>
<doc>Creates and returns a dictionary based on the given ``items``.</doc>
<status status="PASS" start="2025-11-11T10:50:41.299592" elapsed="0.000000"/>
</kw>
<kw name="Evaluate" owner="BuiltIn">
<msg time="2025-11-11T10:50:41.302100" level="INFO">${body} = {'firstname': 'Bete', 'lastname': 'Pimentinha', 'totalprice': 130, 'depositpaid': False, 'bookingdates': {'checkin': '2025-11-10', 'checkout': '2025-11-10'}, 'additionalneeds': 'Breakfast'}</msg>
<var>${body}</var>
<arg>json.loads(open('./fixtures/json/booking1.json').read())</arg>
<doc>Evaluates the given expression in Python and returns the result.</doc>
<status status="PASS" start="2025-11-11T10:50:41.301094" elapsed="0.002010"/>
</kw>
<kw name="POST" owner="RequestsLibrary">
<msg time="2025-11-11T10:50:42.448012" level="INFO">POST Request : url=https://restful-booker.herokuapp.com/booking 
 path_url=/booking 
 headers={'User-Agent': 'python-requests/2.32.5', 'Accept-Encoding': 'gzip, deflate', 'Accept': '*/*', 'Connection': 'keep-alive', 'Content-Type': 'application/json', 'Content-Length': '189'} 
 body=b'{"firstname": "Bete", "lastname": "Pimentinha", "totalprice": 130, "depositpaid": false, "bookingdates": {"checkin": "2025-11-10", "checkout": "2025-11-10"}, "additionalneeds": "Breakfast"}' 
 </msg>
<msg time="2025-11-11T10:50:42.448012" level="INFO">POST Response : url=https://restful-booker.herokuapp.com/booking 
 status=200, reason=OK 
 headers={'Content-Length': '203', 'Content-Type': 'application/json; charset=utf-8', 'Date': 'Tue, 11 Nov 2025 13:50:42 GMT', 'Etag': 'W/"cb-8CfanNmlJ4hbicWeWXy+miziXVc"', 'Nel': '{"report_to":"heroku-nel","response_headers":["Via"],"max_age":3600,"success_fraction":0.01,"failure_fraction":0.1}', 'Report-To': '{"group":"heroku-nel","endpoints":[{"url":"https://nel.heroku.com/reports?s=5XedNoyLAnjU8CgVF2azqdeNXl1tD8evpZBsjS6vvf0%3D\\u0026sid=c46efe9b-d3d2-4a0c-8c76-bfafa16c5add\\u0026ts=1762869042"}],"max_age":3600}', 'Reporting-Endpoints': 'heroku-nel="https://nel.heroku.com/reports?s=5XedNoyLAnjU8CgVF2azqdeNXl1tD8evpZBsjS6vvf0%3D&amp;sid=c46efe9b-d3d2-4a0c-8c76-bfafa16c5add&amp;ts=1762869042"', 'Server': 'Heroku', 'Via': '1.1 heroku-router', 'X-Powered-By': 'Express'} 
 body={"bookingid":205,"booking":{"firstname":"Bete","lastname":"Pimentinha","totalprice":130,"depositpaid":false,"bookingdates":{"checkin":"2025-11-10","checkout":"2025-11-10"},"additionalneeds":"Breakfast"}} 
 </msg>
<msg time="2025-11-11T10:50:42.448012" level="INFO">c:\Iterasys\robotbooker140\.venv\Lib\site-packages\urllib3\connectionpool.py:1097: InsecureRequestWarning: Unverified HTTPS request is being made to host 'restful-booker.herokuapp.com'. Adding certificate verification is strongly advised. See: https://urllib3.readthedocs.io/en/latest/advanced-usage.html#tls-warnings
  warnings.warn(</msg>
<msg time="2025-11-11T10:50:42.448012" level="INFO">${response} = &lt;Response [200]&gt;</msg>
<var>${response}</var>
<arg>url=${url}/booking</arg>
<arg>json=${body}</arg>
<arg>headers=${headers}</arg>
<arg>verify=${False}</arg>
<doc>Sends a POST request.</doc>
<status status="PASS" start="2025-11-11T10:50:41.303104" elapsed="1.145918"/>
</kw>
<kw name="Set Variable" owner="BuiltIn">
<msg time="2025-11-11T10:50:42.449022" level="INFO">${response_body} = {'bookingid': 205, 'booking': {'firstname': 'Bete', 'lastname': 'Pimentinha', 'totalprice': 130, 'depositpaid': False, 'bookingdates': {'checkin': '2025-11-10', 'checkout': '2025-11-10'}, 'additionaln...</msg>
<var>${response_body}</var>
<arg>${response.json()}</arg>
<doc>Returns the given values which can then be assigned to a variables.</doc>
<status status="PASS" start="2025-11-11T10:50:42.449022" elapsed="0.000000"/>
</kw>
<kw name="Log To Console" owner="BuiltIn">
<arg>${response_body}</arg>
<doc>Logs the given message to the console.</doc>
<status status="PASS" start="2025-11-11T10:50:42.450526" elapsed="0.000000"/>
</kw>
<kw name="Status Should Be" owner="RequestsLibrary">
<arg>200</arg>
<doc>Fails if response status code is different than the expected.</doc>
<status status="PASS" start="2025-11-11T10:50:42.451531" elapsed="0.000000"/>
</kw>
<kw name="Should Be Equal" owner="BuiltIn">
<arg>${response_body}[booking][firstname]</arg>
<arg>Bete</arg>
<doc>Fails if the given objects are unequal.</doc>
<status status="PASS" start="2025-11-11T10:50:42.451531" elapsed="0.001006"/>
</kw>
<kw name="Should Be Equal" owner="BuiltIn">
<arg>${response_body}[booking][lastname]</arg>
<arg>Pimentinha</arg>
<doc>Fails if the given objects are unequal.</doc>
<status status="PASS" start="2025-11-11T10:50:42.452537" elapsed="0.000000"/>
</kw>
<kw name="Should Be Equal" owner="BuiltIn">
<msg time="2025-11-11T10:50:42.452537" level="INFO">Argument types are:
&lt;class 'bool'&gt;
&lt;class 'str'&gt;</msg>
<msg time="2025-11-11T10:50:42.453536" level="FAIL">False != false</msg>
<arg>${response_body}[booking][depositpaid]</arg>
<arg>false</arg>
<doc>Fails if the given objects are unequal.</doc>
<status status="FAIL" start="2025-11-11T10:50:42.452537" elapsed="0.000999">False != false</status>
</kw>
<kw name="Should Be Equal" owner="BuiltIn">
<arg>${response_body}[booking][bookingdates][checkin]</arg>
<arg>2025-11-10</arg>
<doc>Fails if the given objects are unequal.</doc>
<status status="NOT RUN" start="2025-11-11T10:50:42.454537" elapsed="0.000000"/>
</kw>
<kw name="Should Be Equal" owner="BuiltIn">
<arg>${response_body}[booking][bookingdates][checkout]</arg>
<arg>2025-11-10</arg>
<doc>Fails if the given objects are unequal.</doc>
<status status="NOT RUN" start="2025-11-11T10:50:42.454537" elapsed="0.000000"/>
</kw>
<kw name="Should Be Equal" owner="BuiltIn">
<arg>${response_body}[booking][additionalneeds]</arg>
<arg>Breakfast</arg>
<doc>Fails if the given objects are unequal.</doc>
<status status="NOT RUN" start="2025-11-11T10:50:42.454537" elapsed="0.001000"/>
</kw>
<status status="FAIL" start="2025-11-11T10:50:41.299592" elapsed="1.155945">False != false</status>
</test>
<status status="FAIL" start="2025-11-11T10:50:40.025479" elapsed="2.431061"/>
</suite>
<statistics>
<total>
<stat pass="0" fail="1" skip="0">All Tests</stat>
</total>
<tag>
</tag>
<suite>
<stat name="Test Booker" id="s1" pass="0" fail="1" skip="0">Test Booker</stat>
</suite>
</statistics>
<errors>
</errors>
</robot>
